C:\ogreSDK\bin\debug\mikegleesonlab1.pdb
C:\USERS\MIKE\DOCUMENTS\VISUAL STUDIO 2010\PROJECTS\MIKEGLEESONLAB1\MIKEGLEESONLAB1\DEBUG\BASEAPPLICATION.OBJ
C:\Users\Mike\Documents\Visual Studio 2010\Projects\mikegleesonlab1\mikegleesonlab1\Debug\cl.command.1.tlog
C:\Users\Mike\Documents\Visual Studio 2010\Projects\mikegleesonlab1\mikegleesonlab1\Debug\CL.read.1.tlog
C:\Users\Mike\Documents\Visual Studio 2010\Projects\mikegleesonlab1\mikegleesonlab1\Debug\CL.write.1.tlog
C:\USERS\MIKE\DOCUMENTS\VISUAL STUDIO 2010\PROJECTS\MIKEGLEESONLAB1\MIKEGLEESONLAB1\DEBUG\DOTSCENELOADER.OBJ
C:\USERS\MIKE\DOCUMENTS\VISUAL STUDIO 2010\PROJECTS\MIKEGLEESONLAB1\MIKEGLEESONLAB1\DEBUG\LAB9.OBJ
C:\USERS\MIKE\DOCUMENTS\VISUAL STUDIO 2010\PROJECTS\MIKEGLEESONLAB1\MIKEGLEESONLAB1\DEBUG\LAB9PART2.OBJ
C:\Users\Mike\Documents\Visual Studio 2010\Projects\mikegleesonlab1\mikegleesonlab1\Debug\link.command.1.tlog
C:\Users\Mike\Documents\Visual Studio 2010\Projects\mikegleesonlab1\mikegleesonlab1\Debug\link.read.1.tlog
C:\Users\Mike\Documents\Visual Studio 2010\Projects\mikegleesonlab1\mikegleesonlab1\Debug\link.write.1.tlog
C:\Users\Mike\Documents\Visual Studio 2010\Projects\mikegleesonlab1\mikegleesonlab1\Debug\link-cvtres.read.1.tlog
C:\Users\Mike\Documents\Visual Studio 2010\Projects\mikegleesonlab1\mikegleesonlab1\Debug\link-cvtres.write.1.tlog
C:\USERS\MIKE\DOCUMENTS\VISUAL STUDIO 2010\PROJECTS\MIKEGLEESONLAB1\MIKEGLEESONLAB1\DEBUG\MAIN.OBJ
C:\USERS\MIKE\DOCUMENTS\VISUAL STUDIO 2010\PROJECTS\MIKEGLEESONLAB1\MIKEGLEESONLAB1\DEBUG\MAIN2.OBJ
C:\USERS\MIKE\DOCUMENTS\VISUAL STUDIO 2010\PROJECTS\MIKEGLEESONLAB1\MIKEGLEESONLAB1\DEBUG\MGLEESONQUIZ1.OBJ
C:\Users\Mike\Documents\Visual Studio 2010\Projects\mikegleesonlab1\mikegleesonlab1\Debug\mikegleesonlab1.exe.embed.manifest
C:\USERS\MIKE\DOCUMENTS\VISUAL STUDIO 2010\PROJECTS\MIKEGLEESONLAB1\MIKEGLEESONLAB1\DEBUG\MIKEGLEESONLAB1.EXE.EMBED.MANIFEST.RES
C:\Users\Mike\Documents\Visual Studio 2010\Projects\mikegleesonlab1\mikegleesonlab1\Debug\mikegleesonlab1.exe.intermediate.manifest
C:\Users\Mike\Documents\Visual Studio 2010\Projects\mikegleesonlab1\mikegleesonlab1\Debug\mikegleesonlab1_manifest.rc
C:\Users\Mike\Documents\Visual Studio 2010\Projects\mikegleesonlab1\mikegleesonlab1\Debug\rc.command.1.tlog
C:\Users\Mike\Documents\Visual Studio 2010\Projects\mikegleesonlab1\mikegleesonlab1\Debug\rc.read.1.tlog
C:\Users\Mike\Documents\Visual Studio 2010\Projects\mikegleesonlab1\mikegleesonlab1\Debug\rc.write.1.tlog
C:\USERS\MIKE\DOCUMENTS\VISUAL STUDIO 2010\PROJECTS\MIKEGLEESONLAB1\MIKEGLEESONLAB1\DEBUG\RESOURCE.RES
C:\USERS\MIKE\DOCUMENTS\VISUAL STUDIO 2010\PROJECTS\MIKEGLEESONLAB1\MIKEGLEESONLAB1\DEBUG\SAMPLEAPP.OBJ
C:\Users\Mike\Documents\Visual Studio 2010\Projects\mikegleesonlab1\mikegleesonlab1\Debug\vc100.idb
C:\USERS\MIKE\DOCUMENTS\VISUAL STUDIO 2010\PROJECTS\MIKEGLEESONLAB1\MIKEGLEESONLAB1\DEBUG\VC100.PDB
