D:\DOCUMENTS\VISUAL STUDIO 2010\PROJECTS\CAPSTONE\CAPSTONE\DEBUG\BASEAPPLICATION.OBJ
D:\DOCUMENTS\VISUAL STUDIO 2010\PROJECTS\CAPSTONE\CAPSTONE\DEBUG\BTOGRE.OBJ
D:\DOCUMENTS\VISUAL STUDIO 2010\PROJECTS\CAPSTONE\CAPSTONE\DEBUG\CAPSTONE.EXE.INTERMEDIATE.MANIFEST
D:\Documents\Visual Studio 2010\Projects\Capstone\Capstone\Debug\cl.command.1.tlog
D:\Documents\Visual Studio 2010\Projects\Capstone\Capstone\Debug\CL.read.1.tlog
D:\Documents\Visual Studio 2010\Projects\Capstone\Capstone\Debug\CL.write.1.tlog
D:\DOCUMENTS\VISUAL STUDIO 2010\PROJECTS\CAPSTONE\CAPSTONE\DEBUG\DOTSCENELOADER.OBJ
D:\Documents\Visual Studio 2010\Projects\Capstone\Capstone\Debug\link.command.1.tlog
D:\Documents\Visual Studio 2010\Projects\Capstone\Capstone\Debug\link.read.1.tlog
D:\Documents\Visual Studio 2010\Projects\Capstone\Capstone\Debug\link.write.1.tlog
D:\Documents\Visual Studio 2010\Projects\Capstone\Capstone\Debug\mt.command.1.tlog
D:\Documents\Visual Studio 2010\Projects\Capstone\Capstone\Debug\mt.read.1.tlog
D:\Documents\Visual Studio 2010\Projects\Capstone\Capstone\Debug\mt.write.1.tlog
D:\DOCUMENTS\VISUAL STUDIO 2010\PROJECTS\CAPSTONE\CAPSTONE\DEBUG\SAMPLEAPP.OBJ
D:\Documents\Visual Studio 2010\Projects\Capstone\Capstone\Debug\vc100.idb
D:\DOCUMENTS\VISUAL STUDIO 2010\PROJECTS\CAPSTONE\CAPSTONE\DEBUG\VC100.PDB
D:\DOCUMENTS\VISUAL STUDIO 2010\PROJECTS\CAPSTONE\CAPSTONE\DEBUG\XINPUTMANAGER.OBJ
D:\OGRESDK\BIN\RELEASE\CAPSTONE.EXE
D:\OGRESDK\BIN\RELEASE\CAPSTONE.ILK
D:\OGRESDK\BIN\RELEASE\CAPSTONE.PDB
