C:\OGRESDK\BIN\RELEASE\OGITOR.EXE
C:\OGRESDK\BIN\RELEASE\OGITOR.PDB
C:\USERS\MIKE\DOCUMENTS\VISUAL STUDIO 2010\PROJECTS\MIKEGLEESONLAB1\OGITOR\RELEASE\BASEAPPLICATION.OBJ
C:\Users\Mike\Documents\Visual Studio 2010\Projects\mikegleesonlab1\Ogitor\Release\cl.command.1.tlog
C:\Users\Mike\Documents\Visual Studio 2010\Projects\mikegleesonlab1\Ogitor\Release\CL.read.1.tlog
C:\Users\Mike\Documents\Visual Studio 2010\Projects\mikegleesonlab1\Ogitor\Release\CL.write.1.tlog
C:\USERS\MIKE\DOCUMENTS\VISUAL STUDIO 2010\PROJECTS\MIKEGLEESONLAB1\OGITOR\RELEASE\DOTSCENELOADER.OBJ
C:\Users\Mike\Documents\Visual Studio 2010\Projects\mikegleesonlab1\Ogitor\Release\link.command.1.tlog
C:\Users\Mike\Documents\Visual Studio 2010\Projects\mikegleesonlab1\Ogitor\Release\link.read.1.tlog
C:\Users\Mike\Documents\Visual Studio 2010\Projects\mikegleesonlab1\Ogitor\Release\link.write.1.tlog
C:\Users\Mike\Documents\Visual Studio 2010\Projects\mikegleesonlab1\Ogitor\Release\link-cvtres.read.1.tlog
C:\Users\Mike\Documents\Visual Studio 2010\Projects\mikegleesonlab1\Ogitor\Release\link-cvtres.write.1.tlog
C:\Users\Mike\Documents\Visual Studio 2010\Projects\mikegleesonlab1\Ogitor\Release\mt.command.1.tlog
C:\Users\Mike\Documents\Visual Studio 2010\Projects\mikegleesonlab1\Ogitor\Release\mt.read.1.tlog
C:\Users\Mike\Documents\Visual Studio 2010\Projects\mikegleesonlab1\Ogitor\Release\mt.write.1.tlog
C:\USERS\MIKE\DOCUMENTS\VISUAL STUDIO 2010\PROJECTS\MIKEGLEESONLAB1\OGITOR\RELEASE\OGITOR.EXE.INTERMEDIATE.MANIFEST
C:\Users\Mike\Documents\Visual Studio 2010\Projects\mikegleesonlab1\Ogitor\Release\rc.command.1.tlog
C:\Users\Mike\Documents\Visual Studio 2010\Projects\mikegleesonlab1\Ogitor\Release\rc.read.1.tlog
C:\Users\Mike\Documents\Visual Studio 2010\Projects\mikegleesonlab1\Ogitor\Release\rc.write.1.tlog
C:\USERS\MIKE\DOCUMENTS\VISUAL STUDIO 2010\PROJECTS\MIKEGLEESONLAB1\OGITOR\RELEASE\RESOURCE.RES
C:\USERS\MIKE\DOCUMENTS\VISUAL STUDIO 2010\PROJECTS\MIKEGLEESONLAB1\OGITOR\RELEASE\SAMPLEAPP.OBJ
C:\USERS\MIKE\DOCUMENTS\VISUAL STUDIO 2010\PROJECTS\MIKEGLEESONLAB1\OGITOR\RELEASE\VC100.PDB
